Error detected 'Access Restricted' in https://texas-stg-acc.ss.frontlineeducation.com/plan/Events/ViewEvent?eventId=33682976-04ec-485c-880c-afbe013f2bdcformId=603d3f01-2681-4942-b0cc-afbe013f2da5
Error detected 'Access Restricted' in https://texas-stg-acc.ss.frontlineeducation.com/plan/Events/ViewEvent?eventId=33682976-04ec-485c-880c-afbe013f2bdcformId=bf86418b-daa8-40df-994f-afbe013f2da5
Error detected 'Access Restricted' in https://texas-stg-acc.ss.frontlineeducation.com/plan/Events/ViewEvent?eventId=33682976-04ec-485c-880c-afbe013f2bdcformId=b8bef072-cdda-4124-a807-afbe013f2daa
Error detected 'Access Restricted' in https://texas-stg-acc.ss.frontlineeducation.com/plan/Events/ViewEvent?eventId=33682976-04ec-485c-880c-afbe013f2bdcformId=23eabe9c-d027-47aa-9ac4-afbe013f2daa
There is no saving button in https://texas-stg-acc.ss.frontlineeducation.com/plan/Events/ViewEvent?eventId=33682976-04ec-485c-880c-afbe013f2bdc#eligibilitiesimpairments
There is no saving button in https://texas-stg-acc.ss.frontlineeducation.com/plan/Events/ViewEvent?eventId=33682976-04ec-485c-880c-afbe013f2bdc#evaluativeassessmentresults
Error detected 'Access Restricted' in https://texas-stg-acc.ss.frontlineeducation.com/plan/Events/ViewEvent?eventId=33682976-04ec-485c-880c-afbe013f2bdcformId=603d3f01-2681-4942-b0cc-afbe013f2da5
Error detected 'Access Restricted' in https://texas-stg-acc.ss.frontlineeducation.com/plan/Events/ViewEvent?eventId=33682976-04ec-485c-880c-afbe013f2bdcformId=bf86418b-daa8-40df-994f-afbe013f2da5
Error detected 'Access Restricted' in https://texas-stg-acc.ss.frontlineeducation.com/plan/Events/ViewEvent?eventId=33682976-04ec-485c-880c-afbe013f2bdcformId=b8bef072-cdda-4124-a807-afbe013f2daa
Error detected 'Access Restricted' in https://texas-stg-acc.ss.frontlineeducation.com/plan/Events/ViewEvent?eventId=33682976-04ec-485c-880c-afbe013f2bdcformId=23eabe9c-d027-47aa-9ac4-afbe013f2daa
There is no saving button in https://texas-stg-acc.ss.frontlineeducation.com/plan/Events/ViewEvent?eventId=e6fbef8a-c417-444d-b852-afbd010f4d57#eligibilitiesimpairments
There is no saving button in https://kennedale-tx.spm.frontlineeducation.com/planng/Events/ViewEvent/4227a67a-755f-4c37-b9e7-af2600ae14b0/Forms/NoticeofProposaltoEvaluate/abeee4cb-16e9-4b17-8f3d-af2600ae14c7
There is no saving button in https://lakedallas-tx.spm.frontlineeducation.com/plan/Events/ViewEvent?eventId=41770ec3-d110-4961-bfac-af2700f2b311#referralforevaluation&formId=e3da75b8-5d8f-4b5a-8147-af2700f2b31a
There is no saving button in https://somerset-tx.spm.frontlineeducation.com/planng/Events/ViewEvent/9a6ce541-2600-4c35-abb9-af3a00e5b277/Forms/TransitionServices
There is no saving button in https://texas-stg-acc.ss.frontlineeducation.com/plan/Events/ViewEvent?eventId=cd1f9192-7a86-4bce-bde3-ac0900cb38f9#compensatoryservices
Error detected 'Not Found Error' in https://texas-stg-acc.ss.frontlineeducation.com/plan/Events/ViewEvent?eventId=cd1f9192-7a86-4bce-bde3-ac0900cb38f9#compensatoryservices
There is no saving button in https://texas-stg-acc.ss.frontlineeducation.com/plan/Events/ViewEvent?eventId=cd1f9192-7a86-4bce-bde3-ac0900cb38f9#compensatoryservices
Error detected 'Access Restricted' in https://texas-stg-acc.ss.frontlineeducation.com/planng/Events/ViewEvent/1279c586-d80d-4dba-9473-af8800a745d3/Forms/ProceduralChecklist/3bcfa235-e3d2-4942-929f-af8800a745d3
There is no saving button in https://texas-stg-acc.ss.frontlineeducation.com/planng/Events/ViewEvent/1279c586-d80d-4dba-9473-af8800a745d3/Forms/ProceduralChecklist/3bcfa235-e3d2-4942-929f-af8800a745d3
Error detected 'Access Restricted' in https://texas-stg-acc.ss.frontlineeducation.com/planng/Events/ViewEvent/1279c586-d80d-4dba-9473-af8800a745d3/Forms/DyslexiaEvaluation/9a235185-88dd-4401-8799-af8800a745d3
Error detected 'Access Restricted' in https://tx-dev-acc.ss.frontlineeducation.com/planng/Events/ViewEvent/9367c1b4-df8f-457b-948e-af1500688c7e/Forms/NoticeofProposaltoEvaluate/85c542fa-2761-4f39-971a-af1500688c82
There is no saving button in https://tx-dev-acc.ss.frontlineeducation.com/planng/Events/ViewEvent/9367c1b4-df8f-457b-948e-af1500688c7e/Forms/NoticeofProposaltoEvaluate/85c542fa-2761-4f39-971a-af1500688c82
Error detected 'Access Restricted' in https://tx-dev-acc.ss.frontlineeducation.com/plan/Events/ViewEvent?eventId=9367c1b4-df8f-457b-948e-af1500688c7e#consentforevaluation&formId=cc9852df-0bb9-43d9-aa87-af1500688c87
There is no saving button in https://tx-dev-acc.ss.frontlineeducation.com/plan/Events/ViewEvent?eventId=9367c1b4-df8f-457b-948e-af1500688c7e#consentforevaluation&formId=cc9852df-0bb9-43d9-aa87-af1500688c87
Error detected 'Access Restricted' in https://tx-dev-acc.ss.frontlineeducation.com/planng/Events/ViewEvent/9367c1b4-df8f-457b-948e-af1500688c7e/Forms/ConsentforPsychologicalEvaluationServices/fdd65480-9595-452b-9e0a-af1500688c87
There is no saving button in https://tx-dev-acc.ss.frontlineeducation.com/planng/Events/ViewEvent/9367c1b4-df8f-457b-948e-af1500688c7e/Forms/ConsentforPsychologicalEvaluationServices/fdd65480-9595-452b-9e0a-af1500688c87
There is no saving button in https://tx-dev-acc.ss.frontlineeducation.com/planng/Events/ViewEvent/9367c1b4-df8f-457b-948e-af1500688c7e/Forms/NoticeofProposaltoEvaluate/85c542fa-2761-4f39-971a-af1500688c82
There is no saving button in https://tx-dev-acc.ss.frontlineeducation.com/planng/Events/ViewEvent/9367c1b4-df8f-457b-948e-af1500688c7e/Forms/NoticeofProposaltoEvaluate/85c542fa-2761-4f39-971a-af1500688c82
There is no saving button in https://tx-dev-acc.ss.frontlineeducation.com/planng/Events/ViewEvent/9367c1b4-df8f-457b-948e-af1500688c7e/Forms/NoticeofProposaltoEvaluate/85c542fa-2761-4f39-971a-af1500688c82
There is no saving button in https://tx-dev-acc.ss.frontlineeducation.com/plan/Events/ViewEvent?eventId=9367c1b4-df8f-457b-948e-af1500688c7e#consentforevaluation&formId=cc9852df-0bb9-43d9-aa87-af1500688c87
There is no saving button in https://tx-dev-acc.ss.frontlineeducation.com/planng/Events/ViewEvent/9367c1b4-df8f-457b-948e-af1500688c7e/Forms/ConsentforPsychologicalEvaluationServices/fdd65480-9595-452b-9e0a-af1500688c87
There is no saving button in https://tx-dev-acc.ss.frontlineeducation.com/plan/Events/ViewEvent?eventId=e14733b6-22c0-4c96-801d-afea00cff224#presentlevels&formId=61077d26-0085-49be-8d3a-afea00cff232
There is no saving button in https://texas-stg-acc.ss.frontlineeducation.com/planng/Events/ViewEvent/fe15f279-040c-4571-9492-afea014dc251/Forms/ClassroomObservations/01a3b676-498b-4d42-9ad4-afea014dc25f
There is no saving button in https://texas-stg-acc.ss.frontlineeducation.com/plan/Events/ViewEvent?eventId=a67f7c2a-7e84-4cc7-a2c7-aff0012dbdc6#presentlevels&formId=c4be873f-3502-43c2-8d2f-aff0012dbdca
There is no saving button in https://texas-stg-acc.ss.frontlineeducation.com/planng/Events/ViewEvent/fe15f279-040c-4571-9492-afea014dc251/Forms/ClassroomObservations/01a3b676-498b-4d42-9ad4-afea014dc25f
There is no saving button in https://texas-stg-acc.ss.frontlineeducation.com/plan/Events/ViewEvent?eventId=a67f7c2a-7e84-4cc7-a2c7-aff0012dbdc6#presentlevels&formId=c4be873f-3502-43c2-8d2f-aff0012dbdca
There is no saving button in https://texas-stg-acc.ss.frontlineeducation.com/plan/Events/ViewEvent?eventId=25398dc7-dc23-43a2-af54-aff600bb4ac9#reviewofdata&formId=71dd78f9-14a5-4e7d-984a-aff600bb4ace
There is no saving button in https://texas-stg-acc.ss.frontlineeducation.com/plan/Events/ViewEvent?eventId=25398dc7-dc23-43a2-af54-aff600bb4ac9#eligibilitydetermination&formId=71de663f-7e8d-4931-b40d-aff600bb4ace
There is no saving button in https://texas-stg-acc.ss.frontlineeducation.com/planng/Events/ViewEvent/fe15f279-040c-4571-9492-afea014dc251/Forms/ClassroomObservations/01a3b676-498b-4d42-9ad4-afea014dc25f
There is no saving button in https://texas-stg-acc.ss.frontlineeducation.com/planng/Events/ViewEvent/fe15f279-040c-4571-9492-afea014dc251/Forms/ClassroomObservations/01a3b676-498b-4d42-9ad4-afea014dc25f
There is no saving button in https://texas-stg-acc.ss.frontlineeducation.com/planng/Events/ViewEvent/fe15f279-040c-4571-9492-afea014dc251/Forms/ClassroomObservations/01a3b676-498b-4d42-9ad4-afea014dc25f
